<?xml version="1.0" encoding="utf-8"?><testsuites><testsuite name="pytest" errors="0" failures="0" skipped="0" tests="11" time="20.409" timestamp="2025-03-28T13:33:23.791500-04:00" hostname="CEN1987-V5410"><testcase classname="test.Unit.agent_c_tools.tools.workspaces.test_s3_storage.TestS3StorageWorkspace" name="test_initialization" time="0.205" /><testcase classname="test.Unit.agent_c_tools.tools.workspaces.test_s3_storage.TestS3StorageWorkspace" name="test_get_full_path" time="0.055" /><testcase classname="test.Unit.agent_c_tools.tools.workspaces.test_s3_storage.TestS3StorageWorkspace" name="test_path_exists_file" time="0.084" /><testcase classname="test.Unit.agent_c_tools.tools.workspaces.test_s3_storage.TestS3StorageWorkspace" name="test_path_exists_directory" time="0.065" /><testcase classname="test.Unit.agent_c_tools.tools.workspaces.test_s3_storage.TestS3StorageWorkspace" name="test_read_bytes_internal" time="0.185" /><testcase classname="test.Unit.agent_c_tools.tools.workspaces.test_s3_storage.TestS3StorageWorkspace" name="test_read_bytes_base64" time="0.064" /><testcase classname="test.Unit.agent_c_tools.tools.workspaces.test_s3_storage.TestS3StorageWorkspace" name="test_write_bytes" time="0.077" /><testcase classname="test.Unit.agent_c_tools.tools.workspaces.test_s3_storage.TestS3StorageWorkspace" name="test_full_path" time="0.057" /><testcase classname="test.Unit.agent_c_tools.tools.workspaces.test_s3_storage.TestS3StorageWorkspace" name="test_ls" time="0.076" /><testcase classname="test.Unit.agent_c_tools.tools.workspaces.test_s3_storage.TestS3StorageWorkspace" name="test_read" time="0.093" /><testcase classname="test.Unit.agent_c_tools.tools.workspaces.test_s3_storage.TestS3StorageWorkspace" name="test_write" time="0.084" /></testsuite></testsuites>